<?xml version="1.0" encoding="UTF-8"?>
<!-- Generated by org.testng.reporters.JUnitXMLReporter -->
<testsuite ignored="1" hostname="LAPTOP-89DODUUB" failures="1" tests="2" name="Test" time="71.856" errors="0" timestamp="2025-12-18T12:34:04 IST">
  <testcase classname="testCases.TC_001_AccountRegistrationTest" name="Registration" time="2.794"/>
  <testcase classname="testCases.TC_002_LoginTest" name="Login" time="62.125">
    <failure type="java.lang.AssertionError" message="expected [true] but found [false]">
      <![CDATA[java.lang.AssertionError: expected [true] but found [false]
at testCases.TC_002_LoginTest.Login(TC_002_LoginTest.java:34)
at java.base/java.util.ArrayList.forEach(ArrayList.java:1511)
... Removed 31 stack frames]]>
    </failure>
  </testcase> <!-- Login -->
  <testcase classname="testCases.TC_003_LoginDDT" name="verify_Login_DDT" time="0.0">
    <ignored/>
  </testcase> <!-- verify_Login_DDT -->
</testsuite> <!-- Test -->
